<?xml version="1.0" encoding="UTF-8"?>
<!-- Generated by org.testng.reporters.JUnitReportReporter -->
<testsuite hostname="LAP145" failures="0" tests="1" name="appiumBasic.basicTest" time="15.093" errors="0" timestamp="2023-08-28T12:10:08 IST" skipped="0">
  <testcase classname="appiumBasic.basicTest" name="basicAppiumTest" time="15.093"/>
  <system-out/>
</testsuite> <!-- appiumBasic.basicTest -->
